#-----------------------------------------------------------
# Vivado v2018.3 (64-bit)
# SW Build 2405991 on Thu Dec  6 23:38:27 MST 2018
# IP Build 2404404 on Fri Dec  7 01:43:56 MST 2018
# Start of session at: Sat Aug  1 22:10:57 2020
# Process ID: 16688
# Current directory: C:/Users/HP/Desktop/Gyro_Demo_Verilog
# Command line: vivado.exe -gui_launcher_event rodinguilauncherevent17292 C:\Users\HP\Desktop\Gyro_Demo_Verilog\Gyro_Demo_Verilog.xpr
# Log file: C:/Users/HP/Desktop/Gyro_Demo_Verilog/vivado.log
# Journal file: C:/Users/HP/Desktop/Gyro_Demo_Verilog\vivado.jou
#-----------------------------------------------------------sstart_guiopen_project C:/Users/HP/Desktop/Gyro_Demo_Verilog/Gyro_Demo_Verilog.xpr
SScanning sources...Finished scanning sources
IINFO: [IP_Flow 19-234] Refreshing IP repositories
INFO: [IP_Flow 19-1704] No user IP repositories specifiedIINFO: [IP_Flow 19-2313] Loaded Vivado IP repository 'G:/Vivado/Vivado/2018.3/data/ip'.
WARNING: [IP_Flow 19-2162] IP 'clk_wiz_0' is locked:
* IP definition 'Clocking Wizard (6.0)' for IP 'clk_wiz_0' (customized with software release 2018.2) has a different revision in the IP Catalog.
Please select 'Report IP Status' from the 'Tools/Report' menu or run Tcl command 'report_ip_status' for more information.
open_project: Time (s): cpu = 00:00:22 ; elapsed = 00:00:30 . Memory (MB): peak = 770.617 ; gain = 171.254
update_compile_order -fileset sources_1
reset_run synth_1
launch_runs synth_1 -jobs 8
[Sat Aug  1 22:26:04 2020] Launched synth_1...
Run output will be captured here: C:/Users/HP/Desktop/Gyro_Demo_Verilog/Gyro_Demo_Verilog.runs/synth_1/runme.log
launch_runs impl_1 -jobs 8
[Sat Aug  1 22:29:06 2020] Launched impl_1...
Run output will be captured here: C:/Users/HP/Desktop/Gyro_Demo_Verilog/Gyro_Demo_Verilog.runs/impl_1/runme.log
launch_runs impl_1 -to_step write_bitstream -jobs 8
[Sat Aug  1 22:53:09 2020] Launched impl_1...
Run output will be captured here: C:/Users/HP/Desktop/Gyro_Demo_Verilog/Gyro_Demo_Verilog.runs/impl_1/runme.log
exit
INFO: [Common 17-206] Exiting Vivado at Sat Aug  1 23:54:43 2020...
